<?xml version="1.0" encoding="UTF-8"?>
<testng-results ignored="0" total="1" passed="1" failed="0" skipped="0">
  <reporter-output>
  </reporter-output>
  <suite started-at="2024-03-19T18:34:31 IST" name="Default suite" finished-at="2024-03-19T18:35:19 IST" duration-ms="48514">
    <groups>
    </groups>
    <test started-at="2024-03-19T18:34:31 IST" name="Default test" finished-at="2024-03-19T18:35:19 IST" duration-ms="48514">
      <class name="testpkg.AccountPageTest">
        <test-method is-config="true" signature="setUp()[pri:0, instance:testpkg.AccountPageTest@15bb5034]" started-at="2024-03-19T18:34:31 IST" name="setUp" finished-at="2024-03-19T18:34:33 IST" duration-ms="2654" status="PASS">
          <reporter-output>
          </reporter-output>
        </test-method> <!-- setUp -->
        <test-method is-config="true" signature="before()[pri:0, instance:testpkg.AccountPageTest@15bb5034]" started-at="2024-03-19T18:34:33 IST" name="before" finished-at="2024-03-19T18:35:00 IST" duration-ms="26364" status="PASS">
          <reporter-output>
          </reporter-output>
        </test-method> <!-- before -->
        <test-method signature="accountPageTest()[pri:0, instance:testpkg.AccountPageTest@15bb5034]" started-at="2024-03-19T18:35:00 IST" name="accountPageTest" finished-at="2024-03-19T18:35:18 IST" duration-ms="18559" status="PASS">
          <reporter-output>
          </reporter-output>
        </test-method> <!-- accountPageTest -->
        <test-method is-config="true" signature="browzerclose(org.testng.ITestResult)[pri:0, instance:testpkg.AccountPageTest@15bb5034]" started-at="2024-03-19T18:35:18 IST" name="browzerclose" finished-at="2024-03-19T18:35:18 IST" duration-ms="12" status="PASS">
          <params>
            <param index="0">
              <value>
                <![CDATA[[TestResult name=accountPageTest status=SUCCESS method=AccountPageTest.accountPageTest()[pri:0, instance:testpkg.AccountPageTest@15bb5034] output={null}]]]>
              </value>
            </param>
          </params>
          <reporter-output>
          </reporter-output>
        </test-method> <!-- browzerclose -->
        <test-method is-config="true" signature="gearDown()[pri:0, instance:testpkg.AccountPageTest@15bb5034]" started-at="2024-03-19T18:35:18 IST" name="gearDown" finished-at="2024-03-19T18:35:19 IST" duration-ms="859" status="PASS">
          <reporter-output>
          </reporter-output>
        </test-method> <!-- gearDown -->
      </class> <!-- testpkg.AccountPageTest -->
    </test> <!-- Default test -->
  </suite> <!-- Default suite -->
</testng-results>
